#
# A fatal error has been detected by the Java Runtime Environment:
#
#  EXCEPTION_ACCESS_VIOLATION (0xc0000005) at pc=0x00007ff8e1406834, pid=12844, tid=8024
#
# JRE version: Java(TM) SE Runtime Environment (21.0+35) (build 21+35-LTS-2513)
# Java VM: Java HotSpot(TM) 64-Bit Server VM (21+35-LTS-2513, mixed mode, sharing, tiered, compressed oops, compressed class ptrs, g1 gc, windows-amd64)
# Problematic frame:
# C  [jdwp.dll+0x26834]
#
# No core dump will be written. Minidumps are not enabled by default on client versions of Windows
#
# If you would like to submit a bug report, please visit:
#   https://bugreport.java.com/bugreport/crash.jsp
# The crash happened outside the Java Virtual Machine in native code.
# See problematic frame for where to report the bug.
#

---------------  S U M M A R Y ------------

Command Line: -agentlib:jdwp=transport=dt_socket,address=127.0.0.1:51669,suspend=y,server=n -javaagent:C:\Users\mishu\AppData\Local\JetBrains\IntelliJIdea2023.2\captureAgent\debugger-agent.jar=file:/C:/Users/mishu/AppData/Local/Temp/capture1.props -Dfile.encoding=UTF-8 -Dsun.stdout.encoding=UTF-8 -Dsun.stderr.encoding=UTF-8 EntryPointKt

Host: Intel(R) Core(TM) i5-7500 CPU @ 3.40GHz, 4 cores, 15G,  Windows 10 , 64 bit Build 19041 (10.0.19041.3393)
Time: Thu Sep 21 23:09:41 2023 FLE Summer Time elapsed time: 0.516319 seconds (0d 0h 0m 0s)

---------------  T H R E A D  ---------------

Current thread (0x000002a3f0d7eed0):  JavaThread "main"             [_thread_in_native, id=8024, stack(0x000000bb96a00000,0x000000bb96b00000) (1024K)]

Stack: [0x000000bb96a00000,0x000000bb96b00000],  sp=0x000000bb96afe628,  free space=1017k
Native frames: (J=compiled Java code, j=interpreted, Vv=VM code, C=native code)
C  [jdwp.dll+0x26834]

Java frames: (J=compiled Java code, j=interpreted, Vv=VM code)
j  jdk.internal.reflect.MethodHandleAccessorFactory.newFieldAccessor(Ljava/lang/reflect/Field;Z)Ljdk/internal/reflect/FieldAccessorImpl;+170 java.base@21
j  jdk.internal.reflect.ReflectionFactory.newFieldAccessor(Ljava/lang/reflect/Field;Z)Ljdk/internal/reflect/FieldAccessor;+82 java.base@21
j  java.lang.reflect.Field.acquireFieldAccessor()Ljdk/internal/reflect/FieldAccessor;+35 java.base@21
j  java.lang.reflect.Field.getFieldAccessor()Ljdk/internal/reflect/FieldAccessor;+14 java.base@21
j  java.lang.reflect.Field.getInt(Ljava/lang/Object;)I+18 java.base@21
j  org.lwjgl.system.APIUtil.apiClassTokens(Ljava/util/function/BiPredicate;Ljava/util/Map;[Ljava/lang/Class;)Ljava/util/Map;+104
j  org.lwjgl.glfw.GLFWErrorCallback$1.<init>(Ljava/io/PrintStream;)V+25
j  org.lwjgl.glfw.GLFWErrorCallback.createPrint(Ljava/io/PrintStream;)Lorg/lwjgl/glfw/GLFWErrorCallback;+5
j  imgui.app.Window.initWindow(Limgui/app/Configuration;)V+3
j  imgui.app.Window.init(Limgui/app/Configuration;)V+2
j  imgui.app.Application.initialize(Limgui/app/Application;)V+15
j  imgui.app.Application.launch(Limgui/app/Application;)V+1
j  EntryPointKt.main()V+10
j  EntryPointKt.main([Ljava/lang/String;)V+0
v  ~StubRoutines::call_stub 0x000002a38753100d

siginfo: EXCEPTION_ACCESS_VIOLATION (0xc0000005), reading address 0xffffffffffffffff


Registers:
RAX=0x000002a3d71b3060, RBX=0x000002a3f0bbadf0, RCX=0x000002a3f0d7f288, RDX=0x000002a3f0bbadf0
RSP=0x000000bb96afe628, RBP=0x0000000000000002, RSI=0x000000bb96afe6d0, RDI=0x000002a3f0d7f288
R8 =0x0000000000010002, R9 =0x0000000000000000, R10=0x00007ff8efa00000, R11=0x000000bb96afe5f8
R12=0x0000000000000007, R13=0x000002a3f0d7e2f0, R14=0x00007ff8e1410200, R15=0x0000000000000000
RIP=0x00007ff8e1406834, EFLAGS=0x0000000000010202


Register to memory mapping:

RAX=0x000002a3d71b3060 points into unknown readable memory: 0x0000000000000000 | 00 00 00 00 00 00 00 00
RBX=0x000002a3f0bbadf0 points into unknown readable memory: 0x000000071013b468 | 68 b4 13 10 07 00 00 00
RCX=0x000002a3f0d7f288 points into unknown readable memory: 0x000002a3d71b3060 | 60 30 1b d7 a3 02 00 00
RDX=0x000002a3f0bbadf0 points into unknown readable memory: 0x000000071013b468 | 68 b4 13 10 07 00 00 00
RSP=0x000000bb96afe628 is pointing into the stack for thread: 0x000002a3f0d7eed0
RBP=0x0000000000000002 is an unknown value
RSI=0x000000bb96afe6d0 is pointing into the stack for thread: 0x000002a3f0d7eed0
RDI=0x000002a3f0d7f288 points into unknown readable memory: 0x000002a3d71b3060 | 60 30 1b d7 a3 02 00 00
R8 =0x0000000000010002 is an unknown value
R9 =0x0 is null
R10=0x00007ff8efa00000 VCRUNTIME140.dll
R11=0x000000bb96afe5f8 is pointing into the stack for thread: 0x000002a3f0d7eed0
R12=0x0000000000000007 is an unknown value
R13=0x000002a3f0d7e2f0 points into unknown readable memory: 0x00007ff8d1093030 | 30 30 09 d1 f8 7f 00 00
R14=0x00007ff8e1410200 jdwp.dll
R15=0x0 is null

Top of Stack: (sp=0x000000bb96afe628)
0x000000bb96afe628:   00007ff8e13f60d7 000002a3f0bbadf0
0x000000bb96afe638:   000000bb96afe6d0 0000000000000000
0x000000bb96afe648:   0000000000000000 0000000000000000
0x000000bb96afe658:   0000a98ba7b23699 000002a3f0ba81d0
0x000000bb96afe668:   00007ff8e14102d8 000002a3f0bbadf0
0x000000bb96afe678:   00007ff8e13f2757 000002a3f0bbadf0
0x000000bb96afe688:   0000000000000002 000002a3f0d7f288
0x000000bb96afe698:   000002a3f0bbadf8 0000003991900000
0x000000bb96afe6a8:   000002a3930581a8 0000000000000000
0x000000bb96afe6b8:   000002a3921bbbb8 000000bb96afe930
0x000000bb96afe6c8:   000002a39209d068 0000000000000007
0x000000bb96afe6d8:   000002a3f0bbadf0 0000000000000000
0x000000bb96afe6e8:   000002a3f0bbadf8 0000000000000000
0x000000bb96afe6f8:   0000000000000000 0000000000000000
0x000000bb96afe708:   0000000000000000 0000000000000000
0x000000bb96afe718:   0000000000000000 0000000000000000
0x000000bb96afe728:   000002a3f0bbadf0 000002a3930581a8
0x000000bb96afe738:   00007ff8d0a58057 000002a3f0bbadf8
0x000000bb96afe748:   000002a39191bc80 000002a3f0d7eed0
0x000000bb96afe758:   00007ff8d0aa0951 000002a3f0ba8180
0x000000bb96afe768:   000002a3f0d7eed0 0000000000000000
0x000000bb96afe778:   000000bb96afe880 000002a3930581a8
0x000000bb96afe788:   000002a3928554e2 000002a3f0b848e0
0x000000bb96afe798:   000002a3f0d7f540 000002a3f0d7f550
0x000000bb96afe7a8:   000002a3f0d7f928 00000000000003d8
0x000000bb96afe7b8:   000002a3f0d7eed0 000002a3f0d7eed0
0x000000bb96afe7c8:   000002a3f0b83de0 000002a3f0d7f930
0x000000bb96afe7d8:   000002a3f0d7f940 000002a3f0d7fa18
0x000000bb96afe7e8:   00000000000000d8 000000bb96afe800
0x000000bb96afe7f8:   00007ff8d075d2b1 000002a3f0d7eed0
0x000000bb96afe808:   000002a3f0b83de0 000002a3f0d7f930
0x000000bb96afe818:   000002a3f0d7f940 000002a3f0d7fa18 

Instructions: (pc=0x00007ff8e1406834)
0x00007ff8e1406734:   05 c7 09 01 00 48 8b 03 48 8b d7 4d 8b 40 30 48
0x00007ff8e1406744:   8b cb 48 8b 5c 24 30 48 83 c4 20 5f 48 ff a0 00
0x00007ff8e1406754:   01 00 00 cc 48 89 5c 24 08 57 48 83 ec 20 48 8b
0x00007ff8e1406764:   f9 e8 f2 ea ff ff 4c 8b 05 8f 09 01 00 48 8b d8
0x00007ff8e1406774:   41 f6 80 10 02 00 00 02 74 33 41 b8 20 06 00 00
0x00007ff8e1406784:   48 8d 15 ad c3 00 00 48 8d 0d 72 5c 00 00 e8 d9
0x00007ff8e1406794:   48 ff ff 48 8d 15 ea 99 00 00 48 8d 0d 73 5c 00
0x00007ff8e14067a4:   00 e8 6e 49 ff ff 4c 8b 05 4f 09 01 00 48 8b 03
0x00007ff8e14067b4:   48 8b d7 4d 8b 40 38 48 8b cb 48 8b 5c 24 30 48
0x00007ff8e14067c4:   83 c4 20 5f 48 ff a0 00 01 00 00 cc 48 89 5c 24
0x00007ff8e14067d4:   08 57 48 83 ec 20 48 8b f9 e8 7a ea ff ff 48 8b
0x00007ff8e14067e4:   15 17 09 01 00 48 8b d8 f6 82 10 02 00 00 02 74
0x00007ff8e14067f4:   2c 41 b8 12 06 00 00 48 8d 15 36 c3 00 00 48 8d
0x00007ff8e1406804:   0d fb 5b 00 00 e8 62 48 ff ff 48 8d 15 db 6c 00
0x00007ff8e1406814:   00 48 8d 0d fc 5b 00 00 e8 f7 48 ff ff 48 8b 03
0x00007ff8e1406824:   48 8b d7 48 8b cb 48 8b 5c 24 30 48 83 c4 20 5f
0x00007ff8e1406834:   48 ff a0 50 07 00 00 cc 48 89 5c 24 08 48 89 74
0x00007ff8e1406844:   24 10 48 89 7c 24 18 41 56 48 83 ec 20 4c 63 f2
0x00007ff8e1406854:   49 8b d8 48 8b d1 41 8b f9 48 8b cb 4d 8d 46 ff
0x00007ff8e1406864:   ff 15 06 5a 00 00 85 c0 75 3c 41 0f be 44 1e ff
0x00007ff8e1406874:   3b c7 75 32 49 03 de eb 10 0f be c8 ff 15 da 59
0x00007ff8e1406884:   00 00 85 c0 74 09 48 ff c3 8a 03 84 c0 75 ea 80
0x00007ff8e1406894:   3b 3b 74 12 8b d7 48 8b cb e8 30 4b 00 00 48 85
0x00007ff8e14068a4:   c0 0f 94 c0 eb 02 32 c0 48 8b 5c 24 30 48 8b 74
0x00007ff8e14068b4:   24 38 48 8b 7c 24 40 48 83 c4 20 41 5e c3 cc cc
0x00007ff8e14068c4:   0f b6 d1 83 fa 1e 0f 87 83 00 00 00 74 7b 83 fa
0x00007ff8e14068d4:   07 77 41 74 39 83 ea 01 74 2e 83 ea 01 74 23 83
0x00007ff8e14068e4:   ea 01 74 18 83 ea 01 74 0d 83 fa 02 0f 85 8a 00
0x00007ff8e14068f4:   00 00 8d 42 03 c3 b8 04 00 00 00 c3 b8 03 00 00
0x00007ff8e1406904:   00 c3 b8 02 00 00 00 c3 b8 01 00 00 00 c3 b8 06
0x00007ff8e1406914:   00 00 00 c3 b8 08 00 00 00 2b d0 74 26 83 ea 01
0x00007ff8e1406924:   0f 84 88 00 00 00 83 ea 01 74 12 b8 0a 00 00 00 


Stack slot to memory mapping:

stack at sp + 0 slots: 0x00007ff8e13f60d7 jdwp.dll
stack at sp + 1 slots: 0x000002a3f0bbadf0 points into unknown readable memory: 0x000000071013b468 | 68 b4 13 10 07 00 00 00
stack at sp + 2 slots: 0x000000bb96afe6d0 is pointing into the stack for thread: 0x000002a3f0d7eed0
stack at sp + 3 slots: 0x0 is null
stack at sp + 4 slots: 0x0 is null
stack at sp + 5 slots: 0x0 is null
stack at sp + 6 slots: 0x0000a98ba7b23699 is an unknown value
stack at sp + 7 slots: 0x000002a3f0ba81d0 points into unknown readable memory: 0x8000001200000001 | 01 00 00 00 12 00 00 80


---------------  P R O C E S S  ---------------

Threads class SMR info:
_java_thread_list=0x000002a391a0bb50, length=14, elements={
0x000002a3f0d7eed0, 0x000002a391630970, 0x000002a3916328a0, 0x000002a3916348f0,
0x000002a391637360, 0x000002a39163fdd0, 0x000002a391663d40, 0x000002a391668af0,
0x000002a3916695e0, 0x000002a391894780, 0x000002a3919da8e0, 0x000002a39195d2b0,
0x000002a39195dd40, 0x000002a391896ee0
}

Java Threads: ( => current thread )
=>0x000002a3f0d7eed0 JavaThread "main"                              [_thread_in_native, id=8024, stack(0x000000bb96a00000,0x000000bb96b00000) (1024K)]
  0x000002a391630970 JavaThread "Reference Handler"          daemon [_thread_blocked, id=2016, stack(0x000000bb97200000,0x000000bb97300000) (1024K)]
  0x000002a3916328a0 JavaThread "Finalizer"                  daemon [_thread_blocked, id=7592, stack(0x000000bb97300000,0x000000bb97400000) (1024K)]
  0x000002a3916348f0 JavaThread "Signal Dispatcher"          daemon [_thread_blocked, id=16804, stack(0x000000bb97400000,0x000000bb97500000) (1024K)]
  0x000002a391637360 JavaThread "Attach Listener"            daemon [_thread_blocked, id=7620, stack(0x000000bb97500000,0x000000bb97600000) (1024K)]
  0x000002a39163fdd0 JavaThread "Service Thread"             daemon [_thread_blocked, id=16716, stack(0x000000bb97600000,0x000000bb97700000) (1024K)]
  0x000002a391663d40 JavaThread "Monitor Deflation Thread"   daemon [_thread_blocked, id=2256, stack(0x000000bb97700000,0x000000bb97800000) (1024K)]
  0x000002a391668af0 JavaThread "C2 CompilerThread0"         daemon [_thread_blocked, id=13228, stack(0x000000bb97800000,0x000000bb97900000) (1024K)]
  0x000002a3916695e0 JavaThread "C1 CompilerThread0"         daemon [_thread_blocked, id=1272, stack(0x000000bb97900000,0x000000bb97a00000) (1024K)]
  0x000002a391894780 JavaThread "Common-Cleaner"             daemon [_thread_blocked, id=1740, stack(0x000000bb97a00000,0x000000bb97b00000) (1024K)]
  0x000002a3919da8e0 JavaThread "JDWP Transport Listener: dt_socket" daemon [_thread_blocked, id=11176, stack(0x000000bb97b00000,0x000000bb97c00000) (1024K)]
  0x000002a39195d2b0 JavaThread "JDWP Event Helper Thread"   daemon [_thread_blocked, id=1388, stack(0x000000bb97c00000,0x000000bb97d00000) (1024K)]
  0x000002a39195dd40 JavaThread "JDWP Command Reader"        daemon [_thread_in_native, id=6140, stack(0x000000bb97d00000,0x000000bb97e00000) (1024K)]
  0x000002a391896ee0 JavaThread "Notification Thread"        daemon [_thread_blocked, id=10832, stack(0x000000bb97e00000,0x000000bb97f00000) (1024K)]
Total: 14

Other Threads:
  0x000002a391615930 VMThread "VM Thread"                           [id=11316, stack(0x000000bb97100000,0x000000bb97200000) (1024K)]
  0x000002a3915f8e10 WatcherThread "VM Periodic Task Thread"        [id=6332, stack(0x000000bb97000000,0x000000bb97100000) (1024K)]
  0x000002a3f0c6df80 WorkerThread "GC Thread#0"                     [id=14804, stack(0x000000bb96b00000,0x000000bb96c00000) (1024K)]
  0x000002a3d71b2580 WorkerThread "GC Thread#1"                     [id=14904, stack(0x000000bb97f00000,0x000000bb98000000) (1024K)]
  0x000002a3d71b2920 WorkerThread "GC Thread#2"                     [id=3616, stack(0x000000bb98000000,0x000000bb98100000) (1024K)]
  0x000002a3d71b2cc0 WorkerThread "GC Thread#3"                     [id=8568, stack(0x000000bb98100000,0x000000bb98200000) (1024K)]
  0x000002a3f0df5770 ConcurrentGCThread "G1 Main Marker"            [id=14484, stack(0x000000bb96c00000,0x000000bb96d00000) (1024K)]
  0x000002a3f0df6180 WorkerThread "G1 Conc#0"                       [id=15260, stack(0x000000bb96d00000,0x000000bb96e00000) (1024K)]
  0x000002a3914bd930 ConcurrentGCThread "G1 Refine#0"               [id=15848, stack(0x000000bb96e00000,0x000000bb96f00000) (1024K)]
  0x000002a3914be2b0 ConcurrentGCThread "G1 Service"                [id=15740, stack(0x000000bb96f00000,0x000000bb97000000) (1024K)]
Total: 10

Threads with active compile tasks:
Total: 0

VM state: not at safepoint (normal execution)

VM Mutex/Monitor currently owned by a thread: None

Heap address: 0x0000000700e00000, size: 4082 MB, Compressed Oops mode: Zero based, Oop shift amount: 3

CDS archive(s) mapped at: [0x000002a392000000-0x000002a392c90000-0x000002a392c90000), size 13172736, SharedBaseAddress: 0x000002a392000000, ArchiveRelocationMode: 1.
Compressed class space mapped at: 0x000002a393000000-0x000002a3d3000000, reserved size: 1073741824
Narrow klass base: 0x000002a392000000, Narrow klass shift: 0, Narrow klass range: 0x100000000

GC Precious Log:
 CardTable entry size: 512
 Card Set container configuration: InlinePtr #cards 4 size 8 Array Of Cards #cards 16 size 48 Howl #buckets 8 coarsen threshold 3686 Howl Bitmap #cards 512 size 80 coarsen threshold 460 Card regions per heap region 1 cards per card region 4096
 CPUs: 4 total, 4 available
 Memory: 16325M
 Large Page Support: Disabled
 NUMA Support: Disabled
 Compressed Oops: Enabled (Zero based)
 Heap Region Size: 2M
 Heap Min Capacity: 8M
 Heap Initial Capacity: 256M
 Heap Max Capacity: 4082M
 Pre-touch: Disabled
 Parallel Workers: 4
 Concurrent Workers: 1
 Concurrent Refinement Workers: 4
 Periodic GC: Disabled

Heap:
 garbage-first heap   total 262144K, used 1864K [0x0000000700e00000, 0x0000000800000000)
  region size 2048K, 2 young (4096K), 1 survivors (2048K)
 Metaspace       used 3180K, committed 3328K, reserved 1114112K
  class space    used 197K, committed 256K, reserved 1048576K

Heap Regions: E=young(eden), S=young(survivor), O=old, HS=humongous(starts), HC=humongous(continues), CS=collection set, F=free, TAMS=top-at-mark-start, PB=parsable bottom
|   0|0x0000000700e00000, 0x0000000700e00000, 0x0000000701000000|  0%| F|  |TAMS 0x0000000700e00000| PB 0x0000000700e00000| Untracked 
|   1|0x0000000701000000, 0x0000000701000000, 0x0000000701200000|  0%| F|  |TAMS 0x0000000701000000| PB 0x0000000701000000| Untracked 
|   2|0x0000000701200000, 0x0000000701200000, 0x0000000701400000|  0%| F|  |TAMS 0x0000000701200000| PB 0x0000000701200000| Untracked 
|   3|0x0000000701400000, 0x0000000701400000, 0x0000000701600000|  0%| F|  |TAMS 0x0000000701400000| PB 0x0000000701400000| Untracked 
|   4|0x0000000701600000, 0x0000000701600000, 0x0000000701800000|  0%| F|  |TAMS 0x0000000701600000| PB 0x0000000701600000| Untracked 
|   5|0x0000000701800000, 0x0000000701800000, 0x0000000701a00000|  0%| F|  |TAMS 0x0000000701800000| PB 0x0000000701800000| Untracked 
|   6|0x0000000701a00000, 0x0000000701a00000, 0x0000000701c00000|  0%| F|  |TAMS 0x0000000701a00000| PB 0x0000000701a00000| Untracked 
|   7|0x0000000701c00000, 0x0000000701c00000, 0x0000000701e00000|  0%| F|  |TAMS 0x0000000701c00000| PB 0x0000000701c00000| Untracked 
|   8|0x0000000701e00000, 0x0000000701e00000, 0x0000000702000000|  0%| F|  |TAMS 0x0000000701e00000| PB 0x0000000701e00000| Untracked 
|   9|0x0000000702000000, 0x0000000702000000, 0x0000000702200000|  0%| F|  |TAMS 0x0000000702000000| PB 0x0000000702000000| Untracked 
|  10|0x0000000702200000, 0x0000000702200000, 0x0000000702400000|  0%| F|  |TAMS 0x0000000702200000| PB 0x0000000702200000| Untracked 
|  11|0x0000000702400000, 0x0000000702400000, 0x0000000702600000|  0%| F|  |TAMS 0x0000000702400000| PB 0x0000000702400000| Untracked 
|  12|0x0000000702600000, 0x0000000702600000, 0x0000000702800000|  0%| F|  |TAMS 0x0000000702600000| PB 0x0000000702600000| Untracked 
|  13|0x0000000702800000, 0x0000000702800000, 0x0000000702a00000|  0%| F|  |TAMS 0x0000000702800000| PB 0x0000000702800000| Untracked 
|  14|0x0000000702a00000, 0x0000000702a00000, 0x0000000702c00000|  0%| F|  |TAMS 0x0000000702a00000| PB 0x0000000702a00000| Untracked 
|  15|0x0000000702c00000, 0x0000000702c00000, 0x0000000702e00000|  0%| F|  |TAMS 0x0000000702c00000| PB 0x0000000702c00000| Untracked 
|  16|0x0000000702e00000, 0x0000000702e00000, 0x0000000703000000|  0%| F|  |TAMS 0x0000000702e00000| PB 0x0000000702e00000| Untracked 
|  17|0x0000000703000000, 0x0000000703000000, 0x0000000703200000|  0%| F|  |TAMS 0x0000000703000000| PB 0x0000000703000000| Untracked 
|  18|0x0000000703200000, 0x0000000703200000, 0x0000000703400000|  0%| F|  |TAMS 0x0000000703200000| PB 0x0000000703200000| Untracked 
|  19|0x0000000703400000, 0x0000000703400000, 0x0000000703600000|  0%| F|  |TAMS 0x0000000703400000| PB 0x0000000703400000| Untracked 
|  20|0x0000000703600000, 0x0000000703600000, 0x0000000703800000|  0%| F|  |TAMS 0x0000000703600000| PB 0x0000000703600000| Untracked 
|  21|0x0000000703800000, 0x0000000703800000, 0x0000000703a00000|  0%| F|  |TAMS 0x0000000703800000| PB 0x0000000703800000| Untracked 
|  22|0x0000000703a00000, 0x0000000703a00000, 0x0000000703c00000|  0%| F|  |TAMS 0x0000000703a00000| PB 0x0000000703a00000| Untracked 
|  23|0x0000000703c00000, 0x0000000703c00000, 0x0000000703e00000|  0%| F|  |TAMS 0x0000000703c00000| PB 0x0000000703c00000| Untracked 
|  24|0x0000000703e00000, 0x0000000703e00000, 0x0000000704000000|  0%| F|  |TAMS 0x0000000703e00000| PB 0x0000000703e00000| Untracked 
|  25|0x0000000704000000, 0x0000000704000000, 0x0000000704200000|  0%| F|  |TAMS 0x0000000704000000| PB 0x0000000704000000| Untracked 
|  26|0x0000000704200000, 0x0000000704200000, 0x0000000704400000|  0%| F|  |TAMS 0x0000000704200000| PB 0x0000000704200000| Untracked 
|  27|0x0000000704400000, 0x0000000704400000, 0x0000000704600000|  0%| F|  |TAMS 0x0000000704400000| PB 0x0000000704400000| Untracked 
|  28|0x0000000704600000, 0x0000000704600000, 0x0000000704800000|  0%| F|  |TAMS 0x0000000704600000| PB 0x0000000704600000| Untracked 
|  29|0x0000000704800000, 0x0000000704800000, 0x0000000704a00000|  0%| F|  |TAMS 0x0000000704800000| PB 0x0000000704800000| Untracked 
|  30|0x0000000704a00000, 0x0000000704a00000, 0x0000000704c00000|  0%| F|  |TAMS 0x0000000704a00000| PB 0x0000000704a00000| Untracked 
|  31|0x0000000704c00000, 0x0000000704c00000, 0x0000000704e00000|  0%| F|  |TAMS 0x0000000704c00000| PB 0x0000000704c00000| Untracked 
|  32|0x0000000704e00000, 0x0000000704e00000, 0x0000000705000000|  0%| F|  |TAMS 0x0000000704e00000| PB 0x0000000704e00000| Untracked 
|  33|0x0000000705000000, 0x0000000705000000, 0x0000000705200000|  0%| F|  |TAMS 0x0000000705000000| PB 0x0000000705000000| Untracked 
|  34|0x0000000705200000, 0x0000000705200000, 0x0000000705400000|  0%| F|  |TAMS 0x0000000705200000| PB 0x0000000705200000| Untracked 
|  35|0x0000000705400000, 0x0000000705400000, 0x0000000705600000|  0%| F|  |TAMS 0x0000000705400000| PB 0x0000000705400000| Untracked 
|  36|0x0000000705600000, 0x0000000705600000, 0x0000000705800000|  0%| F|  |TAMS 0x0000000705600000| PB 0x0000000705600000| Untracked 
|  37|0x0000000705800000, 0x0000000705800000, 0x0000000705a00000|  0%| F|  |TAMS 0x0000000705800000| PB 0x0000000705800000| Untracked 
|  38|0x0000000705a00000, 0x0000000705a00000, 0x0000000705c00000|  0%| F|  |TAMS 0x0000000705a00000| PB 0x0000000705a00000| Untracked 
|  39|0x0000000705c00000, 0x0000000705c00000, 0x0000000705e00000|  0%| F|  |TAMS 0x0000000705c00000| PB 0x0000000705c00000| Untracked 
|  40|0x0000000705e00000, 0x0000000705e00000, 0x0000000706000000|  0%| F|  |TAMS 0x0000000705e00000| PB 0x0000000705e00000| Untracked 
|  41|0x0000000706000000, 0x0000000706000000, 0x0000000706200000|  0%| F|  |TAMS 0x0000000706000000| PB 0x0000000706000000| Untracked 
|  42|0x0000000706200000, 0x0000000706200000, 0x0000000706400000|  0%| F|  |TAMS 0x0000000706200000| PB 0x0000000706200000| Untracked 
|  43|0x0000000706400000, 0x0000000706400000, 0x0000000706600000|  0%| F|  |TAMS 0x0000000706400000| PB 0x0000000706400000| Untracked 
|  44|0x0000000706600000, 0x0000000706600000, 0x0000000706800000|  0%| F|  |TAMS 0x0000000706600000| PB 0x0000000706600000| Untracked 
|  45|0x0000000706800000, 0x0000000706800000, 0x0000000706a00000|  0%| F|  |TAMS 0x0000000706800000| PB 0x0000000706800000| Untracked 
|  46|0x0000000706a00000, 0x0000000706a00000, 0x0000000706c00000|  0%| F|  |TAMS 0x0000000706a00000| PB 0x0000000706a00000| Untracked 
|  47|0x0000000706c00000, 0x0000000706c00000, 0x0000000706e00000|  0%| F|  |TAMS 0x0000000706c00000| PB 0x0000000706c00000| Untracked 
|  48|0x0000000706e00000, 0x0000000706e00000, 0x0000000707000000|  0%| F|  |TAMS 0x0000000706e00000| PB 0x0000000706e00000| Untracked 
|  49|0x0000000707000000, 0x0000000707000000, 0x0000000707200000|  0%| F|  |TAMS 0x0000000707000000| PB 0x0000000707000000| Untracked 
|  50|0x0000000707200000, 0x0000000707200000, 0x0000000707400000|  0%| F|  |TAMS 0x0000000707200000| PB 0x0000000707200000| Untracked 
|  51|0x0000000707400000, 0x0000000707400000, 0x0000000707600000|  0%| F|  |TAMS 0x0000000707400000| PB 0x0000000707400000| Untracked 
|  52|0x0000000707600000, 0x0000000707600000, 0x0000000707800000|  0%| F|  |TAMS 0x0000000707600000| PB 0x0000000707600000| Untracked 
|  53|0x0000000707800000, 0x0000000707800000, 0x0000000707a00000|  0%| F|  |TAMS 0x0000000707800000| PB 0x0000000707800000| Untracked 
|  54|0x0000000707a00000, 0x0000000707a00000, 0x0000000707c00000|  0%| F|  |TAMS 0x0000000707a00000| PB 0x0000000707a00000| Untracked 
|  55|0x0000000707c00000, 0x0000000707c00000, 0x0000000707e00000|  0%| F|  |TAMS 0x0000000707c00000| PB 0x0000000707c00000| Untracked 
|  56|0x0000000707e00000, 0x0000000707e00000, 0x0000000708000000|  0%| F|  |TAMS 0x0000000707e00000| PB 0x0000000707e00000| Untracked 
|  57|0x0000000708000000, 0x0000000708000000, 0x0000000708200000|  0%| F|  |TAMS 0x0000000708000000| PB 0x0000000708000000| Untracked 
|  58|0x0000000708200000, 0x0000000708200000, 0x0000000708400000|  0%| F|  |TAMS 0x0000000708200000| PB 0x0000000708200000| Untracked 
|  59|0x0000000708400000, 0x0000000708400000, 0x0000000708600000|  0%| F|  |TAMS 0x0000000708400000| PB 0x0000000708400000| Untracked 
|  60|0x0000000708600000, 0x0000000708600000, 0x0000000708800000|  0%| F|  |TAMS 0x0000000708600000| PB 0x0000000708600000| Untracked 
|  61|0x0000000708800000, 0x0000000708800000, 0x0000000708a00000|  0%| F|  |TAMS 0x0000000708800000| PB 0x0000000708800000| Untracked 
|  62|0x0000000708a00000, 0x0000000708a00000, 0x0000000708c00000|  0%| F|  |TAMS 0x0000000708a00000| PB 0x0000000708a00000| Untracked 
|  63|0x0000000708c00000, 0x0000000708c00000, 0x0000000708e00000|  0%| F|  |TAMS 0x0000000708c00000| PB 0x0000000708c00000| Untracked 
|  64|0x0000000708e00000, 0x0000000708e00000, 0x0000000709000000|  0%| F|  |TAMS 0x0000000708e00000| PB 0x0000000708e00000| Untracked 
|  65|0x0000000709000000, 0x0000000709000000, 0x0000000709200000|  0%| F|  |TAMS 0x0000000709000000| PB 0x0000000709000000| Untracked 
|  66|0x0000000709200000, 0x0000000709200000, 0x0000000709400000|  0%| F|  |TAMS 0x0000000709200000| PB 0x0000000709200000| Untracked 
|  67|0x0000000709400000, 0x0000000709400000, 0x0000000709600000|  0%| F|  |TAMS 0x0000000709400000| PB 0x0000000709400000| Untracked 
|  68|0x0000000709600000, 0x0000000709600000, 0x0000000709800000|  0%| F|  |TAMS 0x0000000709600000| PB 0x0000000709600000| Untracked 
|  69|0x0000000709800000, 0x0000000709800000, 0x0000000709a00000|  0%| F|  |TAMS 0x0000000709800000| PB 0x0000000709800000| Untracked 
|  70|0x0000000709a00000, 0x0000000709a00000, 0x0000000709c00000|  0%| F|  |TAMS 0x0000000709a00000| PB 0x0000000709a00000| Untracked 
|  71|0x0000000709c00000, 0x0000000709c00000, 0x0000000709e00000|  0%| F|  |TAMS 0x0000000709c00000| PB 0x0000000709c00000| Untracked 
|  72|0x0000000709e00000, 0x0000000709e00000, 0x000000070a000000|  0%| F|  |TAMS 0x0000000709e00000| PB 0x0000000709e00000| Untracked 
|  73|0x000000070a000000, 0x000000070a000000, 0x000000070a200000|  0%| F|  |TAMS 0x000000070a000000| PB 0x000000070a000000| Untracked 
|  74|0x000000070a200000, 0x000000070a200000, 0x000000070a400000|  0%| F|  |TAMS 0x000000070a200000| PB 0x000000070a200000| Untracked 
|  75|0x000000070a400000, 0x000000070a400000, 0x000000070a600000|  0%| F|  |TAMS 0x000000070a400000| PB 0x000000070a400000| Untracked 
|  76|0x000000070a600000, 0x000000070a600000, 0x000000070a800000|  0%| F|  |TAMS 0x000000070a600000| PB 0x000000070a600000| Untracked 
|  77|0x000000070a800000, 0x000000070a800000, 0x000000070aa00000|  0%| F|  |TAMS 0x000000070a800000| PB 0x000000070a800000| Untracked 
|  78|0x000000070aa00000, 0x000000070aa00000, 0x000000070ac00000|  0%| F|  |TAMS 0x000000070aa00000| PB 0x000000070aa00000| Untracked 
|  79|0x000000070ac00000, 0x000000070ac00000, 0x000000070ae00000|  0%| F|  |TAMS 0x000000070ac00000| PB 0x000000070ac00000| Untracked 
|  80|0x000000070ae00000, 0x000000070ae00000, 0x000000070b000000|  0%| F|  |TAMS 0x000000070ae00000| PB 0x000000070ae00000| Untracked 
|  81|0x000000070b000000, 0x000000070b000000, 0x000000070b200000|  0%| F|  |TAMS 0x000000070b000000| PB 0x000000070b000000| Untracked 
|  82|0x000000070b200000, 0x000000070b200000, 0x000000070b400000|  0%| F|  |TAMS 0x000000070b200000| PB 0x000000070b200000| Untracked 
|  83|0x000000070b400000, 0x000000070b400000, 0x000000070b600000|  0%| F|  |TAMS 0x000000070b400000| PB 0x000000070b400000| Untracked 
|  84|0x000000070b600000, 0x000000070b600000, 0x000000070b800000|  0%| F|  |TAMS 0x000000070b600000| PB 0x000000070b600000| Untracked 
|  85|0x000000070b800000, 0x000000070b800000, 0x000000070ba00000|  0%| F|  |TAMS 0x000000070b800000| PB 0x000000070b800000| Untracked 
|  86|0x000000070ba00000, 0x000000070ba00000, 0x000000070bc00000|  0%| F|  |TAMS 0x000000070ba00000| PB 0x000000070ba00000| Untracked 
|  87|0x000000070bc00000, 0x000000070bc00000, 0x000000070be00000|  0%| F|  |TAMS 0x000000070bc00000| PB 0x000000070bc00000| Untracked 
|  88|0x000000070be00000, 0x000000070be00000, 0x000000070c000000|  0%| F|  |TAMS 0x000000070be00000| PB 0x000000070be00000| Untracked 
|  89|0x000000070c000000, 0x000000070c000000, 0x000000070c200000|  0%| F|  |TAMS 0x000000070c000000| PB 0x000000070c000000| Untracked 
|  90|0x000000070c200000, 0x000000070c200000, 0x000000070c400000|  0%| F|  |TAMS 0x000000070c200000| PB 0x000000070c200000| Untracked 
|  91|0x000000070c400000, 0x000000070c400000, 0x000000070c600000|  0%| F|  |TAMS 0x000000070c400000| PB 0x000000070c400000| Untracked 
|  92|0x000000070c600000, 0x000000070c600000, 0x000000070c800000|  0%| F|  |TAMS 0x000000070c600000| PB 0x000000070c600000| Untracked 
|  93|0x000000070c800000, 0x000000070c800000, 0x000000070ca00000|  0%| F|  |TAMS 0x000000070c800000| PB 0x000000070c800000| Untracked 
|  94|0x000000070ca00000, 0x000000070ca00000, 0x000000070cc00000|  0%| F|  |TAMS 0x000000070ca00000| PB 0x000000070ca00000| Untracked 
|  95|0x000000070cc00000, 0x000000070cc00000, 0x000000070ce00000|  0%| F|  |TAMS 0x000000070cc00000| PB 0x000000070cc00000| Untracked 
|  96|0x000000070ce00000, 0x000000070ce00000, 0x000000070d000000|  0%| F|  |TAMS 0x000000070ce00000| PB 0x000000070ce00000| Untracked 
|  97|0x000000070d000000, 0x000000070d000000, 0x000000070d200000|  0%| F|  |TAMS 0x000000070d000000| PB 0x000000070d000000| Untracked 
|  98|0x000000070d200000, 0x000000070d200000, 0x000000070d400000|  0%| F|  |TAMS 0x000000070d200000| PB 0x000000070d200000| Untracked 
|  99|0x000000070d400000, 0x000000070d400000, 0x000000070d600000|  0%| F|  |TAMS 0x000000070d400000| PB 0x000000070d400000| Untracked 
| 100|0x000000070d600000, 0x000000070d600000, 0x000000070d800000|  0%| F|  |TAMS 0x000000070d600000| PB 0x000000070d600000| Untracked 
| 101|0x000000070d800000, 0x000000070d800000, 0x000000070da00000|  0%| F|  |TAMS 0x000000070d800000| PB 0x000000070d800000| Untracked 
| 102|0x000000070da00000, 0x000000070da00000, 0x000000070dc00000|  0%| F|  |TAMS 0x000000070da00000| PB 0x000000070da00000| Untracked 
| 103|0x000000070dc00000, 0x000000070dc00000, 0x000000070de00000|  0%| F|  |TAMS 0x000000070dc00000| PB 0x000000070dc00000| Untracked 
| 104|0x000000070de00000, 0x000000070de00000, 0x000000070e000000|  0%| F|  |TAMS 0x000000070de00000| PB 0x000000070de00000| Untracked 
| 105|0x000000070e000000, 0x000000070e000000, 0x000000070e200000|  0%| F|  |TAMS 0x000000070e000000| PB 0x000000070e000000| Untracked 
| 106|0x000000070e200000, 0x000000070e200000, 0x000000070e400000|  0%| F|  |TAMS 0x000000070e200000| PB 0x000000070e200000| Untracked 
| 107|0x000000070e400000, 0x000000070e400000, 0x000000070e600000|  0%| F|  |TAMS 0x000000070e400000| PB 0x000000070e400000| Untracked 
| 108|0x000000070e600000, 0x000000070e600000, 0x000000070e800000|  0%| F|  |TAMS 0x000000070e600000| PB 0x000000070e600000| Untracked 
| 109|0x000000070e800000, 0x000000070e800000, 0x000000070ea00000|  0%| F|  |TAMS 0x000000070e800000| PB 0x000000070e800000| Untracked 
| 110|0x000000070ea00000, 0x000000070ea00000, 0x000000070ec00000|  0%| F|  |TAMS 0x000000070ea00000| PB 0x000000070ea00000| Untracked 
| 111|0x000000070ec00000, 0x000000070ec00000, 0x000000070ee00000|  0%| F|  |TAMS 0x000000070ec00000| PB 0x000000070ec00000| Untracked 
| 112|0x000000070ee00000, 0x000000070ee00000, 0x000000070f000000|  0%| F|  |TAMS 0x000000070ee00000| PB 0x000000070ee00000| Untracked 
| 113|0x000000070f000000, 0x000000070f000000, 0x000000070f200000|  0%| F|  |TAMS 0x000000070f000000| PB 0x000000070f000000| Untracked 
| 114|0x000000070f200000, 0x000000070f200000, 0x000000070f400000|  0%| F|  |TAMS 0x000000070f200000| PB 0x000000070f200000| Untracked 
| 115|0x000000070f400000, 0x000000070f400000, 0x000000070f600000|  0%| F|  |TAMS 0x000000070f400000| PB 0x000000070f400000| Untracked 
| 116|0x000000070f600000, 0x000000070f600000, 0x000000070f800000|  0%| F|  |TAMS 0x000000070f600000| PB 0x000000070f600000| Untracked 
| 117|0x000000070f800000, 0x000000070f800000, 0x000000070fa00000|  0%| F|  |TAMS 0x000000070f800000| PB 0x000000070f800000| Untracked 
| 118|0x000000070fa00000, 0x000000070fa00000, 0x000000070fc00000|  0%| F|  |TAMS 0x000000070fa00000| PB 0x000000070fa00000| Untracked 
| 119|0x000000070fc00000, 0x000000070fc00000, 0x000000070fe00000|  0%| F|  |TAMS 0x000000070fc00000| PB 0x000000070fc00000| Untracked 
| 120|0x000000070fe00000, 0x000000070fe00000, 0x0000000710000000|  0%| F|  |TAMS 0x000000070fe00000| PB 0x000000070fe00000| Untracked 
| 121|0x0000000710000000, 0x00000007101d22f8, 0x0000000710200000| 91%| S|CS|TAMS 0x0000000710000000| PB 0x0000000710000000| Complete 
| 122|0x0000000710200000, 0x0000000710200000, 0x0000000710400000|  0%| F|  |TAMS 0x0000000710200000| PB 0x0000000710200000| Untracked 
| 123|0x0000000710400000, 0x0000000710400000, 0x0000000710600000|  0%| F|  |TAMS 0x0000000710400000| PB 0x0000000710400000| Untracked 
| 124|0x0000000710600000, 0x0000000710600000, 0x0000000710800000|  0%| F|  |TAMS 0x0000000710600000| PB 0x0000000710600000| Untracked 
| 125|0x0000000710800000, 0x0000000710800000, 0x0000000710a00000|  0%| F|  |TAMS 0x0000000710800000| PB 0x0000000710800000| Untracked 
| 126|0x0000000710a00000, 0x0000000710a00000, 0x0000000710c00000|  0%| F|  |TAMS 0x0000000710a00000| PB 0x0000000710a00000| Untracked 
| 127|0x0000000710c00000, 0x0000000710cd3dd8, 0x0000000710e00000| 41%| E|  |TAMS 0x0000000710c00000| PB 0x0000000710c00000| Complete 

Card table byte_map: [0x000002a3fb800000,0x000002a3fc000000] _byte_map_base: 0x000002a3f7ff9000

Marking Bits: (CMBitMap*) 0x000002a3f0c6e680
 Bits: [0x000002a3fc000000, 0x000002a3fffc8000)

Polling page: 0x000002a3f0e50000

Metaspace:

Usage:
  Non-class:      2.91 MB used.
      Class:    197.20 KB used.
       Both:      3.11 MB used.

Virtual space:
  Non-class space:       64.00 MB reserved,       3.00 MB (  5%) committed,  1 nodes.
      Class space:        1.00 GB reserved,     256.00 KB ( <1%) committed,  1 nodes.
             Both:        1.06 GB reserved,       3.25 MB ( <1%) committed. 

Chunk freelists:
   Non-Class:  10.39 MB
       Class:  15.63 MB
        Both:  26.02 MB

MaxMetaspaceSize: unlimited
CompressedClassSpaceSize: 1.00 GB
Initial GC threshold: 21.00 MB
Current GC threshold: 21.00 MB
CDS: on
 - commit_granule_bytes: 65536.
 - commit_granule_words: 8192.
 - virtual_space_node_default_size: 8388608.
 - enlarge_chunks_in_place: 1.
 - use_allocation_guard: 0.


Internal statistics:

num_allocs_failed_limit: 0.
num_arena_births: 74.
num_arena_deaths: 0.
num_vsnodes_births: 2.
num_vsnodes_deaths: 0.
num_space_committed: 52.
num_space_uncommitted: 0.
num_chunks_returned_to_freelist: 0.
num_chunks_taken_from_freelist: 147.
num_chunk_merges: 0.
num_chunk_splits: 106.
num_chunks_enlarged: 77.
num_inconsistent_stats: 0.

CodeHeap 'non-profiled nmethods': size=120000Kb used=210Kb max_used=210Kb free=119789Kb
 bounds [0x000002a387ad0000, 0x000002a387d40000, 0x000002a38f000000]
CodeHeap 'profiled nmethods': size=120000Kb used=984Kb max_used=984Kb free=119016Kb
 bounds [0x000002a380000000, 0x000002a380270000, 0x000002a387530000]
CodeHeap 'non-nmethods': size=5760Kb used=1410Kb max_used=1423Kb free=4349Kb
 bounds [0x000002a387530000, 0x000002a3877a0000, 0x000002a387ad0000]
 total_blobs=1077 nmethods=624 adapters=358
 compilation: enabled
              stopped_count=0, restarted_count=0
 full_count=0

Compilation events (20 events):
Event: 0.505 Thread 0x000002a3916695e0  612       3       java.nio.Buffer::limit (65 bytes)
Event: 0.505 Thread 0x000002a3916695e0 nmethod 612 0x000002a3800edb90 code [0x000002a3800edd60, 0x000002a3800ee048]
Event: 0.506 Thread 0x000002a3916695e0  616       3       java.lang.ref.Cleaner::register (25 bytes)
Event: 0.506 Thread 0x000002a3916695e0 nmethod 616 0x000002a3800ee110 code [0x000002a3800ee320, 0x000002a3800ee8a8]
Event: 0.506 Thread 0x000002a3916695e0  618   !   3       java.io.WinNTFileSystem::isInvalid (78 bytes)
Event: 0.506 Thread 0x000002a3916695e0 nmethod 618 0x000002a3800eeb10 code [0x000002a3800eece0, 0x000002a3800eef48]
Event: 0.506 Thread 0x000002a3916695e0  617       3       jdk.internal.ref.CleanerImpl$PhantomCleanableRef::<init> (12 bytes)
Event: 0.506 Thread 0x000002a3916695e0 nmethod 617 0x000002a3800ef090 code [0x000002a3800ef240, 0x000002a3800ef400]
Event: 0.507 Thread 0x000002a3916695e0  619       3       java.io.WinNTFileSystem::resolve (326 bytes)
Event: 0.509 Thread 0x000002a3916695e0 nmethod 619 0x000002a3800ef490 code [0x000002a3800ef9c0, 0x000002a3800f29b8]
Event: 0.510 Thread 0x000002a3916695e0  622   !   3       java.nio.DirectIntBufferU::get (34 bytes)
Event: 0.510 Thread 0x000002a3916695e0 nmethod 622 0x000002a3800f3b10 code [0x000002a3800f3d80, 0x000002a3800f4718]
Event: 0.510 Thread 0x000002a3916695e0  623       3       java.nio.DirectIntBufferU::ix (10 bytes)
Event: 0.510 Thread 0x000002a3916695e0 nmethod 623 0x000002a3800f4c10 code [0x000002a3800f4da0, 0x000002a3800f4ec0]
Event: 0.510 Thread 0x000002a3916695e0  624   !   3       jdk.internal.misc.ScopedMemoryAccess::getInt (16 bytes)
Event: 0.510 Thread 0x000002a3916695e0 nmethod 624 0x000002a3800f4f90 code [0x000002a3800f5180, 0x000002a3800f5590]
Event: 0.510 Thread 0x000002a3916695e0  621       3       jdk.internal.jimage.ImageStringsReader::hashCode (33 bytes)
Event: 0.510 Thread 0x000002a3916695e0 nmethod 621 0x000002a3800f5810 code [0x000002a3800f59c0, 0x000002a3800f5b40]
Event: 0.510 Thread 0x000002a3916695e0  620       3       java.lang.String::<init> (10 bytes)
Event: 0.510 Thread 0x000002a3916695e0 nmethod 620 0x000002a3800f5c10 code [0x000002a3800f5dc0, 0x000002a3800f5f28]

GC Heap History (2 events):
Event: 0.493 GC heap before
{Heap before GC invocations=0 (full 0):
 garbage-first heap   total 262144K, used 10240K [0x0000000700e00000, 0x0000000800000000)
  region size 2048K, 6 young (12288K), 0 survivors (0K)
 Metaspace       used 3027K, committed 3136K, reserved 1114112K
  class space    used 190K, committed 256K, reserved 1048576K
}
Event: 0.496 GC heap after
{Heap after GC invocations=1 (full 0):
 garbage-first heap   total 262144K, used 1864K [0x0000000700e00000, 0x0000000800000000)
  region size 2048K, 1 young (2048K), 1 survivors (2048K)
 Metaspace       used 3027K, committed 3136K, reserved 1114112K
  class space    used 190K, committed 256K, reserved 1048576K
}

Dll operation events (9 events):
Event: 0.022 Loaded shared library C:\Program Files\Java\jdk-21\bin\java.dll
Event: 0.024 Loaded shared library C:\Program Files\Java\jdk-21\bin\zip.dll
Event: 0.057 Loaded shared library C:\Program Files\Java\jdk-21\bin\jsvml.dll
Event: 0.165 Loaded shared library C:\Program Files\Java\jdk-21\bin\instrument.dll
Event: 0.251 Loaded shared library C:\Program Files\Java\jdk-21\bin\net.dll
Event: 0.253 Loaded shared library C:\Program Files\Java\jdk-21\bin\nio.dll
Event: 0.267 Loaded shared library C:\Program Files\Java\jdk-21\bin\zip.dll
Event: 0.421 Loaded shared library C:\Program Files\Java\jdk-21\bin\jimage.dll
Event: 0.448 Loaded shared library C:\Users\mishu\AppData\Local\Temp\lwjglmishu\3.3.1-build-7\lwjgl.dll

Deoptimization events (20 events):
Event: 0.272 Thread 0x000002a3f0d7eed0 Uncommon trap: trap_request=0xffffffde fr.pc=0x000002a387adf584 relative=0x0000000000000c44
Event: 0.272 Thread 0x000002a3f0d7eed0 Uncommon trap: reason=class_check action=maybe_recompile pc=0x000002a387adf584 method=java.util.HashMap.putVal(ILjava/lang/Object;Ljava/lang/Object;ZZ)Ljava/lang/Object; @ 152 c2
Event: 0.272 Thread 0x000002a3f0d7eed0 DEOPT PACKING pc=0x000002a387adf584 sp=0x000000bb96afd260
Event: 0.272 Thread 0x000002a3f0d7eed0 DEOPT UNPACKING pc=0x000002a3875846a2 sp=0x000000bb96afd210 mode 2
Event: 0.272 Thread 0x000002a3f0d7eed0 Uncommon trap: trap_request=0xffffffde fr.pc=0x000002a387adf584 relative=0x0000000000000c44
Event: 0.272 Thread 0x000002a3f0d7eed0 Uncommon trap: reason=class_check action=maybe_recompile pc=0x000002a387adf584 method=java.util.HashMap.putVal(ILjava/lang/Object;Ljava/lang/Object;ZZ)Ljava/lang/Object; @ 152 c2
Event: 0.272 Thread 0x000002a3f0d7eed0 DEOPT PACKING pc=0x000002a387adf584 sp=0x000000bb96afd260
Event: 0.272 Thread 0x000002a3f0d7eed0 DEOPT UNPACKING pc=0x000002a3875846a2 sp=0x000000bb96afd210 mode 2
Event: 0.306 Thread 0x000002a3f0d7eed0 DEOPT PACKING pc=0x000002a380014f1c sp=0x000000bb96af2ab0
Event: 0.306 Thread 0x000002a3f0d7eed0 DEOPT UNPACKING pc=0x000002a387584e42 sp=0x000000bb96af1ed0 mode 0
Event: 0.338 Thread 0x000002a3f0d7eed0 DEOPT PACKING pc=0x000002a380057bbb sp=0x000000bb96afd370
Event: 0.338 Thread 0x000002a3f0d7eed0 DEOPT UNPACKING pc=0x000002a387584e42 sp=0x000000bb96afc950 mode 0
Event: 0.439 Thread 0x000002a3f0d7eed0 Uncommon trap: trap_request=0xffffff45 fr.pc=0x000002a387aed51c relative=0x000000000000007c
Event: 0.439 Thread 0x000002a3f0d7eed0 Uncommon trap: reason=unstable_if action=reinterpret pc=0x000002a387aed51c method=java.io.WinNTFileSystem.isSlash(C)Z @ 9 c2
Event: 0.439 Thread 0x000002a3f0d7eed0 DEOPT PACKING pc=0x000002a387aed51c sp=0x000000bb96afb5a0
Event: 0.439 Thread 0x000002a3f0d7eed0 DEOPT UNPACKING pc=0x000002a3875846a2 sp=0x000000bb96afb538 mode 2
Event: 0.455 Thread 0x000002a3f0d7eed0 Uncommon trap: trap_request=0xffffff45 fr.pc=0x000002a387afef74 relative=0x00000000000001b4
Event: 0.455 Thread 0x000002a3f0d7eed0 Uncommon trap: reason=unstable_if action=reinterpret pc=0x000002a387afef74 method=java.util.zip.ZipFile$Source.isMetaName([BII)Z @ 57 c2
Event: 0.455 Thread 0x000002a3f0d7eed0 DEOPT PACKING pc=0x000002a387afef74 sp=0x000000bb96afadb0
Event: 0.455 Thread 0x000002a3f0d7eed0 DEOPT UNPACKING pc=0x000002a3875846a2 sp=0x000000bb96afad58 mode 2

Classes loaded (20 events):
Event: 0.492 Loading class org/lwjgl/glfw/GLFW
Event: 0.492 Loading class org/lwjgl/glfw/GLFW done
Event: 0.498 Loading class org/lwjgl/glfw/GLFWImage$Buffer
Event: 0.498 Loading class org/lwjgl/glfw/GLFWImage$Buffer done
Event: 0.499 Loading class org/lwjgl/system/StructBuffer
Event: 0.499 Loading class org/lwjgl/system/StructBuffer done
Event: 0.505 Loading class org/lwjgl/system/APIUtil$1
Event: 0.505 Loading class org/lwjgl/system/APIUtil$1 done
Event: 0.505 Loading class java/lang/NoSuchFieldError
Event: 0.506 Loading class java/lang/NoSuchFieldError done
Event: 0.506 Loading class org/lwjgl/system/windows/WindowsLibrary
Event: 0.506 Loading class org/lwjgl/system/windows/WindowsLibrary done
Event: 0.506 Loading class org/lwjgl/system/SharedLibrary$Default
Event: 0.506 Loading class org/lwjgl/system/SharedLibrary$Default done
Event: 0.507 Loading class org/lwjgl/system/windows/WinBase
Event: 0.507 Loading class org/lwjgl/system/windows/WinBase done
Event: 0.507 Loading class org/lwjgl/system/ThreadLocalUtil
Event: 0.507 Loading class org/lwjgl/system/ThreadLocalUtil done
Event: 0.510 Loading class jdk/internal/reflect/MethodHandleIntegerFieldAccessorImpl
Event: 0.510 Loading class jdk/internal/reflect/MethodHandleIntegerFieldAccessorImpl done

Classes unloaded (0 events):
No events

Classes redefined (0 events):
No events

Internal exceptions (19 events):
Event: 0.169 Thread 0x000002a3f0d7eed0 Exception <a 'java/lang/NoSuchMethodError'{0x0000000710a2b440}: 'void java.lang.invoke.DirectMethodHandle$Holder.invokeStatic(java.lang.Object, java.lang.Object, java.lang.Object)'> (0x0000000710a2b440) 
thrown [s\open\src\hotspot\share\interpreter\linkResolver.cpp, line 773]
Event: 0.182 Thread 0x000002a3f0d7eed0 Exception <a 'java/lang/NoSuchMethodError'{0x0000000710a80348}: 'java.lang.Object java.lang.invoke.Invokers$Holder.invokeExact_MT(java.lang.Object, java.lang.Object, java.lang.Object, java.lang.Object, java.lang.Object)'> (0x0000000710a80348) 
thrown [s\open\src\hotspot\share\interpreter\linkResolver.cpp, line 773]
Event: 0.402 Thread 0x000002a3f0d7eed0 Exception <a 'java/lang/NoSuchMethodError'{0x00000007105dec20}: 'void java.lang.invoke.DirectMethodHandle$Holder.invokeStatic(java.lang.Object, java.lang.Object)'> (0x00000007105dec20) 
thrown [s\open\src\hotspot\share\interpreter\linkResolver.cpp, line 773]
Event: 0.403 Thread 0x000002a3f0d7eed0 Exception <a 'java/lang/NoSuchMethodError'{0x00000007105e9288}: 'void java.lang.System.load(java.lang.String, java.lang.Class)'> (0x00000007105e9288) 
thrown [s\open\src\hotspot\share\interpreter\linkResolver.cpp, line 773]
Event: 0.403 Thread 0x000002a3f0d7eed0 Exception <a 'java/lang/NoSuchMethodError'{0x00000007105e9c58}: 'void java.lang.invoke.DirectMethodHandle$Holder.invokeSpecial(java.lang.Object, java.lang.Object, java.lang.Object)'> (0x00000007105e9c58) 
thrown [s\open\src\hotspot\share\interpreter\linkResolver.cpp, line 773]
Event: 0.406 Thread 0x000002a3f0d7eed0 Exception <a 'java/lang/NoSuchMethodError'{0x00000007105fb008}: 'java.lang.Object java.lang.invoke.DirectMethodHandle$Holder.invokeStatic(java.lang.Object, java.lang.Object, int)'> (0x00000007105fb008) 
thrown [s\open\src\hotspot\share\interpreter\linkResolver.cpp, line 773]
Event: 0.408 Thread 0x000002a3f0d7eed0 Exception <a 'java/lang/NoSuchMethodError'{0x0000000710209278}: 'void java.lang.invoke.DelegatingMethodHandle$Holder.delegate(java.lang.Object, java.lang.Object, int, java.lang.Object)'> (0x0000000710209278) 
thrown [s\open\src\hotspot\share\interpreter\linkResolver.cpp, line 773]
Event: 0.409 Thread 0x000002a3f0d7eed0 Exception <a 'java/lang/NoSuchMethodError'{0x000000071020cf08}: 'int java.lang.invoke.DirectMethodHandle$Holder.invokeSpecial(java.lang.Object, java.lang.Object, java.lang.Object)'> (0x000000071020cf08) 
thrown [s\open\src\hotspot\share\interpreter\linkResolver.cpp, line 773]
Event: 0.413 Thread 0x000002a3f0d7eed0 Exception <a 'java/lang/NoSuchMethodError'{0x0000000710228c80}: 'void java.lang.System.loadLibrary(java.lang.String, java.lang.Class)'> (0x0000000710228c80) 
thrown [s\open\src\hotspot\share\interpreter\linkResolver.cpp, line 773]
Event: 0.446 Thread 0x000002a3f0d7eed0 Exception <a 'sun/nio/fs/WindowsException'{0x00000007102ef698}> (0x00000007102ef698) 
thrown [s\open\src\hotspot\share\prims\jni.cpp, line 520]
Event: 0.446 Thread 0x000002a3f0d7eed0 Exception <a 'sun/nio/fs/WindowsException'{0x00000007102f0ca0}> (0x00000007102f0ca0) 
thrown [s\open\src\hotspot\share\prims\jni.cpp, line 520]
Event: 0.463 Thread 0x000002a3f0d7eed0 Exception <a 'java/lang/NoSuchMethodError'{0x000000071036fc88}: 'int java.lang.invoke.DirectMethodHandle$Holder.invokeStaticInit(java.lang.Object, java.lang.Object, int, long)'> (0x000000071036fc88) 
thrown [s\open\src\hotspot\share\interpreter\linkResolver.cpp, line 773]
Event: 0.463 Thread 0x000002a3f0d7eed0 Exception <a 'java/lang/NoSuchMethodError'{0x0000000710374cb0}: 'java.lang.Object java.lang.invoke.DirectMethodHandle$Holder.newInvokeSpecial(java.lang.Object, java.lang.Object, int)'> (0x0000000710374cb0) 
thrown [s\open\src\hotspot\share\interpreter\linkResolver.cpp, line 773]
Event: 0.466 Thread 0x000002a3f0d7eed0 Exception <a 'java/lang/NoSuchMethodError'{0x0000000710389a68}: 'int java.lang.invoke.DirectMethodHandle$Holder.invokeStaticInit(java.lang.Object, java.lang.Object, long, long)'> (0x0000000710389a68) 
thrown [s\open\src\hotspot\share\interpreter\linkResolver.cpp, line 773]
Event: 0.466 Thread 0x000002a3f0d7eed0 Exception <a 'java/lang/NoSuchMethodError'{0x000000071038f2d0}: 'java.lang.Object java.lang.invoke.DirectMethodHandle$Holder.newInvokeSpecial(java.lang.Object, java.lang.Object, long)'> (0x000000071038f2d0) 
thrown [s\open\src\hotspot\share\interpreter\linkResolver.cpp, line 773]
Event: 0.467 Thread 0x000002a3f0d7eed0 Exception <a 'java/lang/NoSuchMethodError'{0x0000000710393088}: 'java.lang.Object java.lang.invoke.Invokers$Holder.linkToTargetMethod(java.lang.Object, long, java.lang.Object)'> (0x0000000710393088) 
thrown [s\open\src\hotspot\share\interpreter\linkResolver.cpp, line 773]
Event: 0.468 Thread 0x000002a3f0d7eed0 Exception <a 'java/lang/NoSuchMethodError'{0x000000071039a110}: 'int java.lang.invoke.DirectMethodHandle$Holder.invokeStaticInit(java.lang.Object, java.lang.Object, java.lang.Object, long)'> (0x000000071039a110) 
thrown [s\open\src\hotspot\share\interpreter\linkResolver.cpp, line 773]
Event: 0.505 Thread 0x000002a3f0d7eed0 Exception <a 'sun/nio/fs/WindowsException'{0x0000000710c7d578}> (0x0000000710c7d578) 
thrown [s\open\src\hotspot\share\prims\jni.cpp, line 520]
Event: 0.505 Thread 0x000002a3f0d7eed0 Exception <a 'sun/nio/fs/WindowsException'{0x0000000710c7d8d8}> (0x0000000710c7d8d8) 
thrown [s\open\src\hotspot\share\prims\jni.cpp, line 520]

ZGC Phase Switch (0 events):
No events

VM Operations (10 events):
Event: 0.112 Executing VM operation: HandshakeAllThreads (Deoptimize)
Event: 0.112 Executing VM operation: HandshakeAllThreads (Deoptimize) done
Event: 0.160 Executing VM operation: ChangeBreakpoints
Event: 0.160 Executing VM operation: ChangeBreakpoints done
Event: 0.161 Executing VM operation: ChangeBreakpoints
Event: 0.161 Executing VM operation: ChangeBreakpoints done
Event: 0.439 Executing VM operation: HandshakeAllThreads (Deoptimize)
Event: 0.439 Executing VM operation: HandshakeAllThreads (Deoptimize) done
Event: 0.492 Executing VM operation: G1CollectForAllocation (G1 Evacuation Pause)
Event: 0.496 Executing VM operation: G1CollectForAllocation (G1 Evacuation Pause) done

Events (14 events):
Event: 0.038 Thread 0x000002a3f0d7eed0 Thread added: 0x000002a3f0d7eed0
Event: 0.054 Thread 0x000002a391630970 Thread added: 0x000002a391630970
Event: 0.054 Thread 0x000002a3916328a0 Thread added: 0x000002a3916328a0
Event: 0.055 Thread 0x000002a3916348f0 Thread added: 0x000002a3916348f0
Event: 0.055 Thread 0x000002a391637360 Thread added: 0x000002a391637360
Event: 0.055 Thread 0x000002a39163fdd0 Thread added: 0x000002a39163fdd0
Event: 0.055 Thread 0x000002a391663d40 Thread added: 0x000002a391663d40
Event: 0.055 Thread 0x000002a391668af0 Thread added: 0x000002a391668af0
Event: 0.055 Thread 0x000002a3916695e0 Thread added: 0x000002a3916695e0
Event: 0.103 Thread 0x000002a391894780 Thread added: 0x000002a391894780
Event: 0.140 Thread 0x000002a3919da8e0 Thread added: 0x000002a3919da8e0
Event: 0.140 Thread 0x000002a39195d2b0 Thread added: 0x000002a39195d2b0
Event: 0.141 Thread 0x000002a39195dd40 Thread added: 0x000002a39195dd40
Event: 0.208 Thread 0x000002a391896ee0 Thread added: 0x000002a391896ee0


Dynamic libraries:
0x00007ff6fcf10000 - 0x00007ff6fcf20000 	C:\Program Files\Java\jdk-21\bin\java.exe
0x00007ff905950000 - 0x00007ff905b48000 	C:\Windows\SYSTEM32\ntdll.dll
0x00007ff903fc0000 - 0x00007ff90407d000 	C:\Windows\System32\KERNEL32.DLL
0x00007ff9034d0000 - 0x00007ff9037c6000 	C:\Windows\System32\KERNELBASE.dll
0x00007ff9037d0000 - 0x00007ff9038d0000 	C:\Windows\System32\ucrtbase.dll
0x00007ff8efa00000 - 0x00007ff8efa1b000 	C:\Program Files\Java\jdk-21\bin\VCRUNTIME140.dll
0x00007ff8ef930000 - 0x00007ff8ef949000 	C:\Program Files\Java\jdk-21\bin\jli.dll
0x00007ff905820000 - 0x00007ff9058ce000 	C:\Windows\System32\ADVAPI32.dll
0x00007ff904ee0000 - 0x00007ff904f7e000 	C:\Windows\System32\msvcrt.dll
0x00007ff9052c0000 - 0x00007ff90535c000 	C:\Windows\System32\sechost.dll
0x00007ff905660000 - 0x00007ff905786000 	C:\Windows\System32\RPCRT4.dll
0x00007ff905040000 - 0x00007ff9051de000 	C:\Windows\System32\USER32.dll
0x00007ff8eb240000 - 0x00007ff8eb4da000 	C:\Windows\WinSxS\amd64_microsoft.windows.common-controls_6595b64144ccf1df_6.0.19041.1110_none_60b5254171f9507e\COMCTL32.dll
0x00007ff9034a0000 - 0x00007ff9034c2000 	C:\Windows\System32\win32u.dll
0x00007ff903e50000 - 0x00007ff903e7c000 	C:\Windows\System32\GDI32.dll
0x00007ff903350000 - 0x00007ff90346a000 	C:\Windows\System32\gdi32full.dll
0x00007ff903050000 - 0x00007ff9030ed000 	C:\Windows\System32\msvcp_win.dll
0x00007ff8fde80000 - 0x00007ff8fde8a000 	C:\Windows\SYSTEM32\VERSION.dll
0x00007ff904080000 - 0x00007ff9040b0000 	C:\Windows\System32\IMM32.DLL
0x00007ff8f4640000 - 0x00007ff8f464c000 	C:\Program Files\Java\jdk-21\bin\vcruntime140_1.dll
0x00007ff8d96c0000 - 0x00007ff8d974e000 	C:\Program Files\Java\jdk-21\bin\msvcp140.dll
0x00007ff8d04d0000 - 0x00007ff8d11e3000 	C:\Program Files\Java\jdk-21\bin\server\jvm.dll
0x00007ff904a50000 - 0x00007ff904abb000 	C:\Windows\System32\WS2_32.dll
0x00007ff902940000 - 0x00007ff90298b000 	C:\Windows\SYSTEM32\POWRPROF.dll
0x00007ff8f61e0000 - 0x00007ff8f6207000 	C:\Windows\SYSTEM32\WINMM.dll
0x00007ff902920000 - 0x00007ff902932000 	C:\Windows\SYSTEM32\UMPDC.dll
0x00007ff900e70000 - 0x00007ff900e82000 	C:\Windows\SYSTEM32\kernel.appcore.dll
0x00007ff8efb40000 - 0x00007ff8efb4a000 	C:\Program Files\Java\jdk-21\bin\jimage.dll
0x00007ff8f5e60000 - 0x00007ff8f6044000 	C:\Windows\SYSTEM32\DBGHELP.DLL
0x00007ff8eecb0000 - 0x00007ff8eece4000 	C:\Windows\SYSTEM32\dbgcore.DLL
0x00007ff9032c0000 - 0x00007ff903342000 	C:\Windows\System32\bcryptPrimitives.dll
0x00007ff8e13e0000 - 0x00007ff8e141c000 	C:\Program Files\Java\jdk-21\bin\jdwp.dll
0x00007ff8efa90000 - 0x00007ff8efa9f000 	C:\Program Files\Java\jdk-21\bin\instrument.dll
0x00007ff8ef910000 - 0x00007ff8ef92f000 	C:\Program Files\Java\jdk-21\bin\java.dll
0x00007ff8edd70000 - 0x00007ff8edd88000 	C:\Program Files\Java\jdk-21\bin\zip.dll
0x00007ff904260000 - 0x00007ff9049a5000 	C:\Windows\System32\SHELL32.dll
0x00007ff901070000 - 0x00007ff90180b000 	C:\Windows\SYSTEM32\windows.storage.dll
0x00007ff904b80000 - 0x00007ff904ed4000 	C:\Windows\System32\combase.dll
0x00007ff9028f0000 - 0x00007ff90291e000 	C:\Windows\SYSTEM32\Wldp.dll
0x00007ff904f90000 - 0x00007ff90503d000 	C:\Windows\System32\SHCORE.dll
0x00007ff903df0000 - 0x00007ff903e45000 	C:\Windows\System32\shlwapi.dll
0x00007ff902f30000 - 0x00007ff902f55000 	C:\Windows\SYSTEM32\profapi.dll
0x00007ff8d3ab0000 - 0x00007ff8d3b87000 	C:\Program Files\Java\jdk-21\bin\jsvml.dll
0x00007ff8ef970000 - 0x00007ff8ef97c000 	C:\Program Files\Java\jdk-21\bin\dt_socket.dll
0x00007ff902380000 - 0x00007ff9023bb000 	C:\Windows\SYSTEM32\IPHLPAPI.DLL
0x00007ff902670000 - 0x00007ff9026da000 	C:\Windows\system32\mswsock.dll
0x00007ff8ede20000 - 0x00007ff8ede30000 	C:\Program Files\Java\jdk-21\bin\net.dll
0x00007ff8fcd20000 - 0x00007ff8fce2a000 	C:\Windows\SYSTEM32\WINHTTP.dll
0x00007ff8ebd40000 - 0x00007ff8ebd56000 	C:\Program Files\Java\jdk-21\bin\nio.dll
0x00007ff8d95e0000 - 0x00007ff8d9655000 	C:\Users\mishu\AppData\Local\Temp\lwjglmishu\3.3.1-build-7\lwjgl.dll
0x00007ff8d9130000 - 0x00007ff8d9191000 	C:\Users\mishu\AppData\Local\Temp\lwjglmishu\3.3.1-build-7\glfw.dll

dbghelp: loaded successfully - version: 4.0.5 - missing functions: none
symbol engine: initialized successfully - sym options: 0x614 - pdb path: .;C:\Program Files\Java\jdk-21\bin;C:\Windows\SYSTEM32;C:\Windows\WinSxS\amd64_microsoft.windows.common-controls_6595b64144ccf1df_6.0.19041.1110_none_60b5254171f9507e;C:\Program Files\Java\jdk-21\bin\server;C:\Users\mishu\AppData\Local\Temp\lwjglmishu\3.3.1-build-7

VM Arguments:
jvm_args: -agentlib:jdwp=transport=dt_socket,address=127.0.0.1:51669,suspend=y,server=n -javaagent:C:\Users\mishu\AppData\Local\JetBrains\IntelliJIdea2023.2\captureAgent\debugger-agent.jar=file:/C:/Users/mishu/AppData/Local/Temp/capture1.props -Dfile.encoding=UTF-8 -Dsun.stdout.encoding=UTF-8 -Dsun.stderr.encoding=UTF-8 
java_command: EntryPointKt
java_class_path (initial): C:\JavaProjects\kotyper\build\classes\kotlin\main;C:\JavaProjects\kotyper\build\resources\main;C:\Users\mishu\.gradle\caches\modules-2\files-2.1\org.jetbrains.kotlin\kotlin-stdlib-jdk8\1.9.10\c7510d64a83411a649c76f2778304ddf71d7437b\kotlin-stdlib-jdk8-1.9.10.jar;C:\Users\mishu\.gradle\caches\modules-2\files-2.1\com.fasterxml.jackson.module\jackson-module-kotlin\2.14.2\eef6cbd3236664588e646157093d1266bf2d6279\jackson-module-kotlin-2.14.2.jar;C:\Users\mishu\.gradle\caches\modules-2\files-2.1\io.github.spair\imgui-java-app\1.86.10\b5b9653a24756be6751f6f3ccfa71a5c4277a021\imgui-java-app-1.86.10.jar;C:\Users\mishu\.gradle\caches\modules-2\files-2.1\org.lwjgl\lwjgl-glfw\3.3.1\cbac1b8d30cb4795149c1ef540f912671a8616d0\lwjgl-glfw-3.3.1.jar;C:\Users\mishu\.gradle\caches\modules-2\files-2.1\org.lwjgl\lwjgl-glfw\3.3.1\81716978214ecbda15050ca394b06ef61501a49e\lwjgl-glfw-3.3.1-natives-linux.jar;C:\Users\mishu\.gradle\caches\modules-2\files-2.1\org.lwjgl\lwjgl-glfw\3.3.1\9ec4ce1fc8c85fdef03ef4ff2aace6f5775fb280\lwjgl-glfw-3.3.1-natives-macos.jar;C:\Users\mishu\.gradle\caches\modules-2\files-2.1\org.lwjgl\lwjgl-glfw\3.3.1\ed892f945cf7e79c8756796f32d00fa4ceaf573b\lwjgl-glfw-3.3.1-natives-windows.jar;C:\Users\mishu\.gradle\caches\modules-2\files-2.1\org.lwjgl\lwjgl-opengl\3.3.1\831a5533a21a5f4f81bbc51bb13e9899319b5411\lwjgl-opengl-3.3.1.jar;C:\Users\mishu\.gradle\caches\modules-2\files-2.1\org.lwjgl\lwjgl-opengl\3.3.1\ab9ab6fde3743e3550fa5d46d785ecb45b047d99\lwjgl-opengl-3.3.1-natives-linux.jar;C:\Users\mishu\.gradle\caches\modules-2\files-2.1\org.lwjgl\lwjgl-opengl\3.3.1\a0d12697ea019a7362eff26475b0531340e876a6\lwjgl-opengl-3.3.1-natives-macos.jar;C:\Users\mishu\.gradle\caches\modules-2\files-2.1\org.lwjgl\lwjgl-opengl\3.3.1\c1807e9bd571402787d7e37e3029776ae2513bb8\lwjgl-opengl-3.3.1-natives-windows.jar;C:\Users\mishu\.gradle\caches\modules-2\files-2.1\org.lwjgl\lwjgl\3.3.1\ae58664f88e18a9bb2c77b063833ca7aaec484cb\lwjgl-3.3.1.jar;C:\Users\mishu\.gradle\caches\modules-2\files-2.1\org.lwjgl\lwjgl\3.3.1\1de885aba434f934201b99f2f1afb142036ac189\lwjgl-3.3.1-natives-linux.jar;C:\Users\mishu\.gradle\caches\modules-2\files-2.1\org.lwjgl\lwjgl\3.3.1\fc6bb723dec2cd031557dccb2a95f0ab80acb9db\lwjgl-3.3.1-natives-macos.jar;C:\Users\mishu\.gradle\caches\modules-2\files-2.1\org.lwjgl\lwjgl\3.3.1\36c37f16ab611b3aa11f3bcf80b1d509b4ce6b\lwjgl-3.3.1-natives-windows.jar;C:\Users\mishu\.gradle\caches\modules-2\files-2.1\org.jetbrains.kotlin\kotlin-stdlib-jdk7\1.9.10\bc5bfc2690338defd5195b05c57562f2194eeb10\kotlin-stdlib-jdk7-1.9.10.jar;C:\Users\mishu\.gradle\caches\modules-2\files-2.1\org.jetbrains.kotlin\kotlin-stdlib\1.9.10\72812e8a368917ab5c0a5081b56915ffdfec93b7\kotlin-stdlib-1.9.10.jar;C:\Users\mishu\.gradle\caches\modules-2\files-2.1\com.fasterxml.jackson.core\jackson-databind\2.14.2\1e71fddbc80bb86f71a6345ac1e8ab8a00e7134\jackson-databind-2.14.2.jar;C:\Users\mishu\.gradle\caches\modules-2\files-2.1\com.fasterxml.jackson.core\jackson-annotations\2.14.2\a7aae9525864930723e3453ab799521fdfd9d873\jackson-annotations-2.14.2.jar;C:\Users\mishu\.gradle\caches\modules-2\files-2.1\org.jetbrains.kotlin\kotlin-reflect\1.5.32\fb7f979b963e5ba051c6753fbbe80a1b6c6f745\kotlin-reflect-1.5.32.jar;C:\Users\mishu\.gradle\caches\modules-2\files-2.1\io.github.spair\imgui-java-binding\1.86.10\7f746c4f0afabac30aeb76907765a5893c48cdac\imgui-java-binding-1.86.10.jar;C:\Users\mishu\.gradle\caches\modules-2\files-2.1\io.github.spair\imgui-java-lwjgl3\1.86.10\c48959a4337d5043840cda8c010bb387d0ef2c36\imgui-java-lwjgl3-1.86.10.jar;C:\Users\mishu\.gradle\caches\modules-2\files-2.1\org.jetbrains.kotlin\kotlin-stdlib-common\1.9.10\dafaf2c27f27c09220cee312df10917d9a5d97ce\kotlin-stdlib-common-1.9.10.jar;C:\Users\mishu\.gradle\caches\modules-2\files-2.1\org.jetbrains\annotations\13.0\919f0dfe192fb4e063e7dacadee7f8bb9a2672a9\annotations-13.0.jar;C:\Users\mishu\.gradle\caches\modules-2\files-2.1\com.fasterxml.jackson.core\jackson-core\2.14.2\f804090e6399ce0cf78242db086017512dd71fcc\jackson-core-2.14.2.jar;C:\Program Files\JetBrains\IntelliJ IDEA 2023.1.3\lib\idea_rt.jar
Launcher Type: SUN_STANDARD

[Global flags]
     intx CICompilerCount                          = 3                                         {product} {ergonomic}
     uint ConcGCThreads                            = 1                                         {product} {ergonomic}
     uint G1ConcRefinementThreads                  = 4                                         {product} {ergonomic}
   size_t G1HeapRegionSize                         = 2097152                                   {product} {ergonomic}
    uintx GCDrainStackTargetSize                   = 64                                        {product} {ergonomic}
   size_t InitialHeapSize                          = 268435456                                 {product} {ergonomic}
   size_t MarkStackSize                            = 4194304                                   {product} {ergonomic}
   size_t MaxHeapSize                              = 4280287232                                {product} {ergonomic}
   size_t MaxNewSize                               = 2566914048                                {product} {ergonomic}
   size_t MinHeapDeltaBytes                        = 2097152                                   {product} {ergonomic}
   size_t MinHeapSize                              = 8388608                                   {product} {ergonomic}
    uintx NonNMethodCodeHeapSize                   = 5832780                                {pd product} {ergonomic}
    uintx NonProfiledCodeHeapSize                  = 122912730                              {pd product} {ergonomic}
    uintx ProfiledCodeHeapSize                     = 122912730                              {pd product} {ergonomic}
    uintx ReservedCodeCacheSize                    = 251658240                              {pd product} {ergonomic}
     bool SegmentedCodeCache                       = true                                      {product} {ergonomic}
   size_t SoftMaxHeapSize                          = 4280287232                             {manageable} {ergonomic}
     bool UseCompressedOops                        = true                           {product lp64_product} {ergonomic}
     bool UseG1GC                                  = true                                      {product} {ergonomic}
     bool UseLargePagesIndividualAllocation        = false                                  {pd product} {ergonomic}

Logging:
Log output configuration:
 #0: stdout all=warning uptime,level,tags foldmultilines=false
 #1: stderr all=off uptime,level,tags foldmultilines=false

Environment Variables:
PATH=C:\Program Files\Common Files\Oracle\Java\javapath;C:\Windows\system32;C:\Windows;C:\Windows\System32\Wbem;C:\Windows\System32\WindowsPowerShell\v1.0\;C:\Windows\System32\OpenSSH\;C:\Program Files\nodejs\;C:\Program Files\Cloudflare\Cloudflare WARP\;C:\Program Files\NVIDIA Corporation\NVIDIA NvDLISR;C:\Program Files (x86)\NVIDIA Corporation\PhysX\Common;C:\Program Files\Git\cmd;C:\Program Files\dotnet\;C:\Program Files (x86)\Windows Kits\10\Windows Performance Toolkit\;C:\msys64\usr\bin;C:\Users\mishu\AppData\Local\Microsoft\WindowsApps;C:\Program Files\JetBrains\IntelliJ IDEA 2023.1.3\bin;;C:\Program Files\JetBrains\WebStorm 2023.1.3\bin;;C:\Users\mishu\AppData\Roaming\npm;D:\ChiaWallet\resources\app.asar.unpacked\daemon;E:\chia\resources\app.asar.unpacked\daemon;C:\Users\mishu\AppData\Local\GitHubDesktop\bin;C:\Users\mishu\AppData\Local\Programs\Microsoft VS Code\bin;C:\Users\mishu\.dotnet\tools
USERNAME=mishu
OS=Windows_NT
PROCESSOR_IDENTIFIER=Intel64 Family 6 Model 158 Stepping 9, GenuineIntel
TMP=C:\Users\mishu\AppData\Local\Temp
TEMP=C:\Users\mishu\AppData\Local\Temp




---------------  S Y S T E M  ---------------

OS:
 Windows 10 , 64 bit Build 19041 (10.0.19041.3393)
OS uptime: 5 days 9:50 hours
Hyper-V role detected

CPU: total 4 (initial active 4) (4 cores per cpu, 1 threads per core) family 6 model 158 stepping 9 microcode 0xb4, cx8, cmov, fxsr, mmx, 3dnowpref, sse, sse2, sse3, ssse3, sse4.1, sse4.2, popcnt, lzcnt, tsc, tscinvbit, avx, avx2, aes, erms, clmul, bmi1, bmi2, rtm, adx, fma, vzeroupper, clflush, clflushopt, hv, rdtscp, f16c
Processor Information for all 4 processors :
  Max Mhz: 3401, Current Mhz: 3401, Mhz Limit: 3401

Memory: 4k page, system-wide physical 16325M (1346M free)
TotalPageFile size 27077M (AvailPageFile size 7398M)
current process WorkingSet (physical memory assigned to process): 59M, peak: 59M
current process commit charge ("private bytes"): 339M, peak: 339M

vm_info: Java HotSpot(TM) 64-Bit Server VM (21+35-LTS-2513) for windows-amd64 JRE (21+35-LTS-2513), built on 2023-08-09T20:25:10Z by "mach5one" with MS VC++ 17.1 (VS2022)

END.
